2025-05-05T16:55:25.363+05:30  INFO 9520 --- [main] c.I.p.PersonalFinanceTrackerApplication  : Starting PersonalFinanceTrackerApplication using Java 17.0.12 with PID 9520 (C:\Users\Bindu Samala\Projects\IITProject\personal_finance_tracker\target\classes started by Bindu Samala in C:\Users\Bindu Samala\Projects\IITProject\personal_finance_tracker)
2025-05-05T16:55:25.372+05:30  INFO 9520 --- [main] c.I.p.PersonalFinanceTrackerApplication  : No active profile set, falling back to 1 default profile: "default"
2025-05-05T16:55:26.425+05:30  INFO 9520 --- [main] .s.d.r.c.RepositoryConfigurationDelegate : Bootstrapping Spring Data JPA repositories in DEFAULT mode.
2025-05-05T16:55:26.518+05:30  INFO 9520 --- [main] .s.d.r.c.RepositoryConfigurationDelegate : Finished Spring Data repository scanning in 81 ms. Found 3 JPA repository interfaces.
2025-05-05T16:55:27.357+05:30  INFO 9520 --- [main] o.s.b.w.embedded.tomcat.TomcatWebServer  : Tomcat initialized with port 8080 (http)
2025-05-05T16:55:27.381+05:30  INFO 9520 --- [main] o.apache.catalina.core.StandardService   : Starting service [Tomcat]
2025-05-05T16:55:27.381+05:30  INFO 9520 --- [main] o.apache.catalina.core.StandardEngine    : Starting Servlet engine: [Apache Tomcat/10.1.28]
2025-05-05T16:55:27.488+05:30  INFO 9520 --- [main] o.a.c.c.C.[Tomcat].[localhost].[/]       : Initializing Spring embedded WebApplicationContext
2025-05-05T16:55:27.488+05:30  INFO 9520 --- [main] w.s.c.ServletWebServerApplicationContext : Root WebApplicationContext: initialization completed in 2038 ms
2025-05-05T16:55:27.700+05:30  INFO 9520 --- [main] o.hibernate.jpa.internal.util.LogHelper  : HHH000204: Processing PersistenceUnitInfo [name: default]
2025-05-05T16:55:27.782+05:30  INFO 9520 --- [main] org.hibernate.Version                    : HHH000412: Hibernate ORM core version 6.5.2.Final
2025-05-05T16:55:27.832+05:30  INFO 9520 --- [main] o.h.c.internal.RegionFactoryInitiator    : HHH000026: Second-level cache disabled
2025-05-05T16:55:28.240+05:30  INFO 9520 --- [main] o.s.o.j.p.SpringPersistenceUnitInfo      : No LoadTimeWeaver setup: ignoring JPA class transformer
2025-05-05T16:55:28.281+05:30  INFO 9520 --- [main] com.zaxxer.hikari.HikariDataSource       : HikariPool-1 - Starting...
2025-05-05T16:55:28.704+05:30  INFO 9520 --- [main] com.zaxxer.hikari.pool.HikariPool        : HikariPool-1 - Added connection com.mysql.cj.jdbc.ConnectionImpl@1fc1c7e
2025-05-05T16:55:28.706+05:30  INFO 9520 --- [main] com.zaxxer.hikari.HikariDataSource       : HikariPool-1 - Start completed.
2025-05-05T16:55:30.028+05:30  INFO 9520 --- [main] o.h.e.t.j.p.i.JtaPlatformInitiator       : HHH000489: No JTA platform available (set 'hibernate.transaction.jta.platform' to enable JTA platform integration)
2025-05-05T16:55:30.145+05:30  INFO 9520 --- [main] j.LocalContainerEntityManagerFactoryBean : Initialized JPA EntityManagerFactory for persistence unit 'default'
2025-05-05T16:55:30.701+05:30  INFO 9520 --- [main] o.s.d.j.r.query.QueryEnhancerFactory     : Hibernate is in classpath; If applicable, HQL parser will be used.
2025-05-05T16:55:31.210+05:30  INFO 9520 --- [main] eAuthenticationProviderManagerConfigurer : Global AuthenticationManager configured with AuthenticationProvider bean with name authenticationProvider
2025-05-05T16:55:31.212+05:30  WARN 9520 --- [main] r$InitializeUserDetailsManagerConfigurer : Global AuthenticationManager configured with an AuthenticationProvider bean. UserDetailsService beans will not be used for username/password login. Consider removing the AuthenticationProvider bean. Alternatively, consider using the UserDetailsService in a manually instantiated DaoAuthenticationProvider.
2025-05-05T16:55:31.908+05:30  INFO 9520 --- [main] o.s.b.w.embedded.tomcat.TomcatWebServer  : Tomcat started on port 8080 (http) with context path '/'
2025-05-05T16:55:31.919+05:30  INFO 9520 --- [main] c.I.p.PersonalFinanceTrackerApplication  : Started PersonalFinanceTrackerApplication in 7.139 seconds (process running for 7.548)
2025-05-05T16:57:04.812+05:30  INFO 9520 --- [http-nio-8080-exec-1] o.a.c.c.C.[Tomcat].[localhost].[/]       : Initializing Spring DispatcherServlet 'dispatcherServlet'
2025-05-05T16:57:04.812+05:30  INFO 9520 --- [http-nio-8080-exec-1] o.s.web.servlet.DispatcherServlet        : Initializing Servlet 'dispatcherServlet'
2025-05-05T16:57:04.814+05:30  INFO 9520 --- [http-nio-8080-exec-1] o.s.web.servlet.DispatcherServlet        : Completed initialization in 2 ms
2025-05-05T16:57:05.913+05:30  INFO 9520 --- [http-nio-8080-exec-3] c.I.p.service.user.UserServiceImpl       : User Bindu logged in successfully.
2025-05-05T16:57:06.302+05:30  INFO 9520 --- [http-nio-8080-exec-4] c.I.p.s.t.TransactionServiceImpl         : Fetching all transactions
2025-05-05T16:57:06.430+05:30  INFO 9520 --- [http-nio-8080-exec-4] c.I.p.s.t.TransactionServiceImpl         : Found 3 transactions
2025-05-05T16:57:51.258+05:30  INFO 9520 --- [http-nio-8080-exec-7] c.I.p.s.t.TransactionServiceImpl         : Fetching all transactions
2025-05-05T16:57:51.284+05:30  INFO 9520 --- [http-nio-8080-exec-7] c.I.p.s.t.TransactionServiceImpl         : Found 3 transactions
2025-05-05T16:57:52.869+05:30  INFO 9520 --- [http-nio-8080-exec-8] c.I.p.s.t.TransactionServiceImpl         : Fetching all transactions
2025-05-05T16:57:52.902+05:30  INFO 9520 --- [http-nio-8080-exec-8] c.I.p.s.t.TransactionServiceImpl         : Found 3 transactions
2025-05-05T16:58:51.356+05:30  INFO 9520 --- [http-nio-8080-exec-5] c.I.p.s.t.TransactionServiceImpl         : Fetching all transactions
2025-05-05T16:58:51.385+05:30  INFO 9520 --- [http-nio-8080-exec-5] c.I.p.s.t.TransactionServiceImpl         : Found 3 transactions
2025-05-05T16:58:55.862+05:30  INFO 9520 --- [http-nio-8080-exec-2] c.I.p.s.t.TransactionServiceImpl         : Fetching transaction with ID: 2
2025-05-05T16:58:55.885+05:30  INFO 9520 --- [http-nio-8080-exec-2] c.I.p.s.t.TransactionServiceImpl         : Transaction found with ID: 2
2025-05-05T17:00:44.714+05:30  INFO 9520 --- [http-nio-8080-exec-9] c.I.p.s.t.TransactionServiceImpl         : Fetching all transactions
2025-05-05T17:00:44.748+05:30  INFO 9520 --- [http-nio-8080-exec-9] c.I.p.s.t.TransactionServiceImpl         : Found 3 transactions
